[debug] [2020-05-31T17:24:57.455Z] ----------------------------------------------------------------------
[debug] [2020-05-31T17:24:57.457Z] Command:       /Users/tmorita/.nvm/versions/node/v10.13.0/bin/node /Users/tmorita/.nvm/versions/node/v10.13.0/bin/firebase init
[debug] [2020-05-31T17:24:57.457Z] CLI Version:   8.4.1
[debug] [2020-05-31T17:24:57.457Z] Platform:      darwin
[debug] [2020-05-31T17:24:57.457Z] Node Version:  v10.13.0
[debug] [2020-05-31T17:24:57.458Z] Time:          Sun May 31 2020 13:24:57 GMT-0400 (Eastern Daylight Time)
[debug] [2020-05-31T17:24:57.458Z] ----------------------------------------------------------------------
[debug] [2020-05-31T17:24:57.458Z] 
[debug] [2020-05-31T17:24:57.466Z] > command requires scopes: ["email","openid","https://www.googleapis.com/auth/cloudplatformprojects.readonly","https://www.googleapis.com/auth/firebase","https://www.googleapis.com/auth/cloud-platform"]
[debug] [2020-05-31T17:24:57.466Z] > authorizing via signed-in user
[info] 
     ######## #### ########  ######## ########     ###     ######  ########
     ##        ##  ##     ## ##       ##     ##  ##   ##  ##       ##
     ######    ##  ########  ######   ########  #########  ######  ######
     ##        ##  ##    ##  ##       ##     ## ##     ##       ## ##
     ##       #### ##     ## ######## ########  ##     ##  ######  ########

You're about to initialize a Firebase project in this directory:

  /Users/tmorita/Desktop/personal/read-me-app/public

[info] 
=== Project Setup
[info] 
[info] First, let's associate this project directory with a Firebase project.
[info] You can create multiple project aliases by running firebase use --add, 
[info] but for now we'll just set up a default project.
[info] 
[debug] [2020-05-31T17:25:00.150Z] > refreshing access token with scopes: ["email","https://www.googleapis.com/auth/cloud-platform","https://www.googleapis.com/auth/cloudplatformprojects.readonly","https://www.googleapis.com/auth/firebase","openid"]
[debug] [2020-05-31T17:25:00.150Z] >>> HTTP REQUEST POST https://www.googleapis.com/oauth2/v3/token  
 <request body omitted>
[debug] [2020-05-31T17:25:00.203Z] Authentication Error: Your credentials are no longer valid. Please run firebase login --reauth

For CI servers and headless environments, generate a new token with firebase login:ci
[debug] [2020-05-31T17:25:00.253Z] FirebaseError: Authentication Error: Your credentials are no longer valid. Please run firebase login --reauth

For CI servers and headless environments, generate a new token with firebase login:ci
    at Object.<anonymous> (/Users/tmorita/.nvm/versions/node/v10.13.0/lib/node_modules/firebase-tools/lib/auth.js:23:32)
    at Module._compile (internal/modules/cjs/loader.js:688:30)
    at Object.Module._extensions..js (internal/modules/cjs/loader.js:699:10)
    at Module.load (internal/modules/cjs/loader.js:598:32)
    at tryModuleLoad (internal/modules/cjs/loader.js:537:12)
    at Function.Module._load (internal/modules/cjs/loader.js:529:3)
    at Module.require (internal/modules/cjs/loader.js:636:17)
    at require (internal/modules/cjs/helpers.js:20:18)
    at Object.<anonymous> (/Users/tmorita/.nvm/versions/node/v10.13.0/lib/node_modules/firebase-tools/lib/commands/login.js:20:14)
    at Module._compile (internal/modules/cjs/loader.js:688:30)
    at Object.Module._extensions..js (internal/modules/cjs/loader.js:699:10)
    at Module.load (internal/modules/cjs/loader.js:598:32)
    at tryModuleLoad (internal/modules/cjs/loader.js:537:12)
    at Function.Module._load (internal/modules/cjs/loader.js:529:3)
    at Module.require (internal/modules/cjs/loader.js:636:17)
    at require (internal/modules/cjs/helpers.js:20:18)
[error] 
[error] Error: Failed to list Firebase projects. See firebase-debug.log for more info.
